<?xml version="1.0" encoding="UTF-8"?>
<!-- Generated by org.testng.reporters.JUnitReportReporter -->
<testsuite skipped="0" hostname="SONY-PC" name="Leads.CreateLeadsTest" tests="2" failures="0" timestamp="2022-02-02T00:29:41 IST" time="71.877" errors="0">
  <testcase name="createLeadType" time="29.597" classname="Leads.CreateLeadsTest"/>
  <system-out/>
  <testcase name="createLead" time="42.280" classname="Leads.CreateLeadsTest"/>
  <system-out/>
</testsuite> <!-- Leads.CreateLeadsTest -->
